[2015-08-30 00:39:06] production.ERROR: exception 'RuntimeException' with message 'No supported encrypter found. The cipher and / or key length are invalid.' in /home/jesse/projects/learn/laravel/bootstrap/cache/compiled.php:6693
Stack trace:
#0 /home/jesse/projects/learn/laravel/bootstrap/cache/compiled.php(1068): Illuminate\Encryption\EncryptionServiceProvider->Illuminate\Encryption\{closure}(Object(Illuminate\Foundation\Application), Array)
#1 /home/jesse/projects/learn/laravel/bootstrap/cache/compiled.php(1021): Illuminate\Container\Container->build(Object(Closure), Array)
#2 /home/jesse/projects/learn/laravel/bootstrap/cache/compiled.php(1559): Illuminate\Container\Container->make('encrypter', Array)
#3 /home/jesse/projects/learn/laravel/bootstrap/cache/compiled.php(1113): Illuminate\Foundation\Application->make('Illuminate\\Cont...')
#4 /home/jesse/projects/learn/laravel/bootstrap/cache/compiled.php(1097): Illuminate\Container\Container->resolveClass(Object(ReflectionParameter))
#5 /home/jesse/projects/learn/laravel/bootstrap/cache/compiled.php(1083): Illuminate\Container\Container->getDependencies(Array, Array)
#6 /home/jesse/projects/learn/laravel/bootstrap/cache/compiled.php(1021): Illuminate\Container\Container->build('App\\Http\\Middle...', Array)
#7 /home/jesse/projects/learn/laravel/bootstrap/cache/compiled.php(1559): Illuminate\Container\Container->make('App\\Http\\Middle...', Array)
#8 /home/jesse/projects/learn/laravel/bootstrap/cache/compiled.php(9188): Illuminate\Foundation\Application->make('App\\Http\\Middle...')
#9 /home/jesse/projects/learn/laravel/bootstrap/cache/compiled.php(2758): Illuminate\Pipeline\Pipeline->Illuminate\Pipeline\{closure}(Object(Illuminate\Http\Request))
#10 [internal function]: Illuminate\Foundation\Http\Middleware\CheckForMaintenanceMode->handle(Object(Illuminate\Http\Request), Object(Closure))
#11 /home/jesse/projects/learn/laravel/bootstrap/cache/compiled.php(9188): call_user_func_array(Array, Array)
#12 [internal function]: Illuminate\Pipeline\Pipeline->Illuminate\Pipeline\{closure}(Object(Illuminate\Http\Request))
#13 /home/jesse/projects/learn/laravel/bootstrap/cache/compiled.php(9178): call_user_func(Object(Closure), Object(Illuminate\Http\Request))
#14 /home/jesse/projects/learn/laravel/bootstrap/cache/compiled.php(2035): Illuminate\Pipeline\Pipeline->then(Object(Closure))
#15 /home/jesse/projects/learn/laravel/bootstrap/cache/compiled.php(2018): Illuminate\Foundation\Http\Kernel->sendRequestThroughRouter(Object(Illuminate\Http\Request))
#16 /home/jesse/projects/learn/laravel/public/index.php(54): Illuminate\Foundation\Http\Kernel->handle(Object(Illuminate\Http\Request))
#17 {main}  
[2015-08-30 00:39:06] production.ERROR: exception 'RuntimeException' with message 'No supported encrypter found. The cipher and / or key length are invalid.' in /home/jesse/projects/learn/laravel/bootstrap/cache/compiled.php:6693
Stack trace:
#0 /home/jesse/projects/learn/laravel/bootstrap/cache/compiled.php(1068): Illuminate\Encryption\EncryptionServiceProvider->Illuminate\Encryption\{closure}(Object(Illuminate\Foundation\Application), Array)
#1 /home/jesse/projects/learn/laravel/bootstrap/cache/compiled.php(1021): Illuminate\Container\Container->build(Object(Closure), Array)
#2 /home/jesse/projects/learn/laravel/bootstrap/cache/compiled.php(1559): Illuminate\Container\Container->make('encrypter', Array)
#3 /home/jesse/projects/learn/laravel/bootstrap/cache/compiled.php(1113): Illuminate\Foundation\Application->make('Illuminate\\Cont...')
#4 /home/jesse/projects/learn/laravel/bootstrap/cache/compiled.php(1097): Illuminate\Container\Container->resolveClass(Object(ReflectionParameter))
#5 /home/jesse/projects/learn/laravel/bootstrap/cache/compiled.php(1083): Illuminate\Container\Container->getDependencies(Array, Array)
#6 /home/jesse/projects/learn/laravel/bootstrap/cache/compiled.php(1021): Illuminate\Container\Container->build('App\\Http\\Middle...', Array)
#7 /home/jesse/projects/learn/laravel/bootstrap/cache/compiled.php(1559): Illuminate\Container\Container->make('App\\Http\\Middle...', Array)
#8 /home/jesse/projects/learn/laravel/bootstrap/cache/compiled.php(2042): Illuminate\Foundation\Application->make('App\\Http\\Middle...')
#9 /home/jesse/projects/learn/laravel/public/index.php(58): Illuminate\Foundation\Http\Kernel->terminate(Object(Illuminate\Http\Request), Object(Illuminate\Http\Response))
#10 {main}  
[2015-08-30 00:39:09] production.ERROR: exception 'RuntimeException' with message 'No supported encrypter found. The cipher and / or key length are invalid.' in /home/jesse/projects/learn/laravel/bootstrap/cache/compiled.php:6693
Stack trace:
#0 /home/jesse/projects/learn/laravel/bootstrap/cache/compiled.php(1068): Illuminate\Encryption\EncryptionServiceProvider->Illuminate\Encryption\{closure}(Object(Illuminate\Foundation\Application), Array)
#1 /home/jesse/projects/learn/laravel/bootstrap/cache/compiled.php(1021): Illuminate\Container\Container->build(Object(Closure), Array)
#2 /home/jesse/projects/learn/laravel/bootstrap/cache/compiled.php(1559): Illuminate\Container\Container->make('encrypter', Array)
#3 /home/jesse/projects/learn/laravel/bootstrap/cache/compiled.php(1113): Illuminate\Foundation\Application->make('Illuminate\\Cont...')
#4 /home/jesse/projects/learn/laravel/bootstrap/cache/compiled.php(1097): Illuminate\Container\Container->resolveClass(Object(ReflectionParameter))
#5 /home/jesse/projects/learn/laravel/bootstrap/cache/compiled.php(1083): Illuminate\Container\Container->getDependencies(Array, Array)
#6 /home/jesse/projects/learn/laravel/bootstrap/cache/compiled.php(1021): Illuminate\Container\Container->build('App\\Http\\Middle...', Array)
#7 /home/jesse/projects/learn/laravel/bootstrap/cache/compiled.php(1559): Illuminate\Container\Container->make('App\\Http\\Middle...', Array)
#8 /home/jesse/projects/learn/laravel/bootstrap/cache/compiled.php(9188): Illuminate\Foundation\Application->make('App\\Http\\Middle...')
#9 /home/jesse/projects/learn/laravel/bootstrap/cache/compiled.php(2758): Illuminate\Pipeline\Pipeline->Illuminate\Pipeline\{closure}(Object(Illuminate\Http\Request))
#10 [internal function]: Illuminate\Foundation\Http\Middleware\CheckForMaintenanceMode->handle(Object(Illuminate\Http\Request), Object(Closure))
#11 /home/jesse/projects/learn/laravel/bootstrap/cache/compiled.php(9188): call_user_func_array(Array, Array)
#12 [internal function]: Illuminate\Pipeline\Pipeline->Illuminate\Pipeline\{closure}(Object(Illuminate\Http\Request))
#13 /home/jesse/projects/learn/laravel/bootstrap/cache/compiled.php(9178): call_user_func(Object(Closure), Object(Illuminate\Http\Request))
#14 /home/jesse/projects/learn/laravel/bootstrap/cache/compiled.php(2035): Illuminate\Pipeline\Pipeline->then(Object(Closure))
#15 /home/jesse/projects/learn/laravel/bootstrap/cache/compiled.php(2018): Illuminate\Foundation\Http\Kernel->sendRequestThroughRouter(Object(Illuminate\Http\Request))
#16 /home/jesse/projects/learn/laravel/public/index.php(54): Illuminate\Foundation\Http\Kernel->handle(Object(Illuminate\Http\Request))
#17 {main}  
[2015-08-30 00:39:09] production.ERROR: exception 'RuntimeException' with message 'No supported encrypter found. The cipher and / or key length are invalid.' in /home/jesse/projects/learn/laravel/bootstrap/cache/compiled.php:6693
Stack trace:
#0 /home/jesse/projects/learn/laravel/bootstrap/cache/compiled.php(1068): Illuminate\Encryption\EncryptionServiceProvider->Illuminate\Encryption\{closure}(Object(Illuminate\Foundation\Application), Array)
#1 /home/jesse/projects/learn/laravel/bootstrap/cache/compiled.php(1021): Illuminate\Container\Container->build(Object(Closure), Array)
#2 /home/jesse/projects/learn/laravel/bootstrap/cache/compiled.php(1559): Illuminate\Container\Container->make('encrypter', Array)
#3 /home/jesse/projects/learn/laravel/bootstrap/cache/compiled.php(1113): Illuminate\Foundation\Application->make('Illuminate\\Cont...')
#4 /home/jesse/projects/learn/laravel/bootstrap/cache/compiled.php(1097): Illuminate\Container\Container->resolveClass(Object(ReflectionParameter))
#5 /home/jesse/projects/learn/laravel/bootstrap/cache/compiled.php(1083): Illuminate\Container\Container->getDependencies(Array, Array)
#6 /home/jesse/projects/learn/laravel/bootstrap/cache/compiled.php(1021): Illuminate\Container\Container->build('App\\Http\\Middle...', Array)
#7 /home/jesse/projects/learn/laravel/bootstrap/cache/compiled.php(1559): Illuminate\Container\Container->make('App\\Http\\Middle...', Array)
#8 /home/jesse/projects/learn/laravel/bootstrap/cache/compiled.php(2042): Illuminate\Foundation\Application->make('App\\Http\\Middle...')
#9 /home/jesse/projects/learn/laravel/public/index.php(58): Illuminate\Foundation\Http\Kernel->terminate(Object(Illuminate\Http\Request), Object(Illuminate\Http\Response))
#10 {main}  
[2015-08-30 00:41:42] production.ERROR: exception 'RuntimeException' with message 'No supported encrypter found. The cipher and / or key length are invalid.' in /home/jesse/projects/learn/laravel/bootstrap/cache/compiled.php:6693
Stack trace:
#0 /home/jesse/projects/learn/laravel/bootstrap/cache/compiled.php(1068): Illuminate\Encryption\EncryptionServiceProvider->Illuminate\Encryption\{closure}(Object(Illuminate\Foundation\Application), Array)
#1 /home/jesse/projects/learn/laravel/bootstrap/cache/compiled.php(1021): Illuminate\Container\Container->build(Object(Closure), Array)
#2 /home/jesse/projects/learn/laravel/bootstrap/cache/compiled.php(1559): Illuminate\Container\Container->make('encrypter', Array)
#3 /home/jesse/projects/learn/laravel/bootstrap/cache/compiled.php(1113): Illuminate\Foundation\Application->make('Illuminate\\Cont...')
#4 /home/jesse/projects/learn/laravel/bootstrap/cache/compiled.php(1097): Illuminate\Container\Container->resolveClass(Object(ReflectionParameter))
#5 /home/jesse/projects/learn/laravel/bootstrap/cache/compiled.php(1083): Illuminate\Container\Container->getDependencies(Array, Array)
#6 /home/jesse/projects/learn/laravel/bootstrap/cache/compiled.php(1021): Illuminate\Container\Container->build('App\\Http\\Middle...', Array)
#7 /home/jesse/projects/learn/laravel/bootstrap/cache/compiled.php(1559): Illuminate\Container\Container->make('App\\Http\\Middle...', Array)
#8 /home/jesse/projects/learn/laravel/bootstrap/cache/compiled.php(9188): Illuminate\Foundation\Application->make('App\\Http\\Middle...')
#9 /home/jesse/projects/learn/laravel/bootstrap/cache/compiled.php(2758): Illuminate\Pipeline\Pipeline->Illuminate\Pipeline\{closure}(Object(Illuminate\Http\Request))
#10 [internal function]: Illuminate\Foundation\Http\Middleware\CheckForMaintenanceMode->handle(Object(Illuminate\Http\Request), Object(Closure))
#11 /home/jesse/projects/learn/laravel/bootstrap/cache/compiled.php(9188): call_user_func_array(Array, Array)
#12 [internal function]: Illuminate\Pipeline\Pipeline->Illuminate\Pipeline\{closure}(Object(Illuminate\Http\Request))
#13 /home/jesse/projects/learn/laravel/bootstrap/cache/compiled.php(9178): call_user_func(Object(Closure), Object(Illuminate\Http\Request))
#14 /home/jesse/projects/learn/laravel/bootstrap/cache/compiled.php(2035): Illuminate\Pipeline\Pipeline->then(Object(Closure))
#15 /home/jesse/projects/learn/laravel/bootstrap/cache/compiled.php(2018): Illuminate\Foundation\Http\Kernel->sendRequestThroughRouter(Object(Illuminate\Http\Request))
#16 /home/jesse/projects/learn/laravel/public/index.php(54): Illuminate\Foundation\Http\Kernel->handle(Object(Illuminate\Http\Request))
#17 {main}  
[2015-08-30 00:41:42] production.ERROR: exception 'RuntimeException' with message 'No supported encrypter found. The cipher and / or key length are invalid.' in /home/jesse/projects/learn/laravel/bootstrap/cache/compiled.php:6693
Stack trace:
#0 /home/jesse/projects/learn/laravel/bootstrap/cache/compiled.php(1068): Illuminate\Encryption\EncryptionServiceProvider->Illuminate\Encryption\{closure}(Object(Illuminate\Foundation\Application), Array)
#1 /home/jesse/projects/learn/laravel/bootstrap/cache/compiled.php(1021): Illuminate\Container\Container->build(Object(Closure), Array)
#2 /home/jesse/projects/learn/laravel/bootstrap/cache/compiled.php(1559): Illuminate\Container\Container->make('encrypter', Array)
#3 /home/jesse/projects/learn/laravel/bootstrap/cache/compiled.php(1113): Illuminate\Foundation\Application->make('Illuminate\\Cont...')
#4 /home/jesse/projects/learn/laravel/bootstrap/cache/compiled.php(1097): Illuminate\Container\Container->resolveClass(Object(ReflectionParameter))
#5 /home/jesse/projects/learn/laravel/bootstrap/cache/compiled.php(1083): Illuminate\Container\Container->getDependencies(Array, Array)
#6 /home/jesse/projects/learn/laravel/bootstrap/cache/compiled.php(1021): Illuminate\Container\Container->build('App\\Http\\Middle...', Array)
#7 /home/jesse/projects/learn/laravel/bootstrap/cache/compiled.php(1559): Illuminate\Container\Container->make('App\\Http\\Middle...', Array)
#8 /home/jesse/projects/learn/laravel/bootstrap/cache/compiled.php(2042): Illuminate\Foundation\Application->make('App\\Http\\Middle...')
#9 /home/jesse/projects/learn/laravel/public/index.php(58): Illuminate\Foundation\Http\Kernel->terminate(Object(Illuminate\Http\Request), Object(Illuminate\Http\Response))
#10 {main}  
[2015-08-30 00:41:43] production.ERROR: exception 'RuntimeException' with message 'No supported encrypter found. The cipher and / or key length are invalid.' in /home/jesse/projects/learn/laravel/bootstrap/cache/compiled.php:6693
Stack trace:
#0 /home/jesse/projects/learn/laravel/bootstrap/cache/compiled.php(1068): Illuminate\Encryption\EncryptionServiceProvider->Illuminate\Encryption\{closure}(Object(Illuminate\Foundation\Application), Array)
#1 /home/jesse/projects/learn/laravel/bootstrap/cache/compiled.php(1021): Illuminate\Container\Container->build(Object(Closure), Array)
#2 /home/jesse/projects/learn/laravel/bootstrap/cache/compiled.php(1559): Illuminate\Container\Container->make('encrypter', Array)
#3 /home/jesse/projects/learn/laravel/bootstrap/cache/compiled.php(1113): Illuminate\Foundation\Application->make('Illuminate\\Cont...')
#4 /home/jesse/projects/learn/laravel/bootstrap/cache/compiled.php(1097): Illuminate\Container\Container->resolveClass(Object(ReflectionParameter))
#5 /home/jesse/projects/learn/laravel/bootstrap/cache/compiled.php(1083): Illuminate\Container\Container->getDependencies(Array, Array)
#6 /home/jesse/projects/learn/laravel/bootstrap/cache/compiled.php(1021): Illuminate\Container\Container->build('App\\Http\\Middle...', Array)
#7 /home/jesse/projects/learn/laravel/bootstrap/cache/compiled.php(1559): Illuminate\Container\Container->make('App\\Http\\Middle...', Array)
#8 /home/jesse/projects/learn/laravel/bootstrap/cache/compiled.php(9188): Illuminate\Foundation\Application->make('App\\Http\\Middle...')
#9 /home/jesse/projects/learn/laravel/bootstrap/cache/compiled.php(2758): Illuminate\Pipeline\Pipeline->Illuminate\Pipeline\{closure}(Object(Illuminate\Http\Request))
#10 [internal function]: Illuminate\Foundation\Http\Middleware\CheckForMaintenanceMode->handle(Object(Illuminate\Http\Request), Object(Closure))
#11 /home/jesse/projects/learn/laravel/bootstrap/cache/compiled.php(9188): call_user_func_array(Array, Array)
#12 [internal function]: Illuminate\Pipeline\Pipeline->Illuminate\Pipeline\{closure}(Object(Illuminate\Http\Request))
#13 /home/jesse/projects/learn/laravel/bootstrap/cache/compiled.php(9178): call_user_func(Object(Closure), Object(Illuminate\Http\Request))
#14 /home/jesse/projects/learn/laravel/bootstrap/cache/compiled.php(2035): Illuminate\Pipeline\Pipeline->then(Object(Closure))
#15 /home/jesse/projects/learn/laravel/bootstrap/cache/compiled.php(2018): Illuminate\Foundation\Http\Kernel->sendRequestThroughRouter(Object(Illuminate\Http\Request))
#16 /home/jesse/projects/learn/laravel/public/index.php(54): Illuminate\Foundation\Http\Kernel->handle(Object(Illuminate\Http\Request))
#17 {main}  
[2015-08-30 00:41:43] production.ERROR: exception 'RuntimeException' with message 'No supported encrypter found. The cipher and / or key length are invalid.' in /home/jesse/projects/learn/laravel/bootstrap/cache/compiled.php:6693
Stack trace:
#0 /home/jesse/projects/learn/laravel/bootstrap/cache/compiled.php(1068): Illuminate\Encryption\EncryptionServiceProvider->Illuminate\Encryption\{closure}(Object(Illuminate\Foundation\Application), Array)
#1 /home/jesse/projects/learn/laravel/bootstrap/cache/compiled.php(1021): Illuminate\Container\Container->build(Object(Closure), Array)
#2 /home/jesse/projects/learn/laravel/bootstrap/cache/compiled.php(1559): Illuminate\Container\Container->make('encrypter', Array)
#3 /home/jesse/projects/learn/laravel/bootstrap/cache/compiled.php(1113): Illuminate\Foundation\Application->make('Illuminate\\Cont...')
#4 /home/jesse/projects/learn/laravel/bootstrap/cache/compiled.php(1097): Illuminate\Container\Container->resolveClass(Object(ReflectionParameter))
#5 /home/jesse/projects/learn/laravel/bootstrap/cache/compiled.php(1083): Illuminate\Container\Container->getDependencies(Array, Array)
#6 /home/jesse/projects/learn/laravel/bootstrap/cache/compiled.php(1021): Illuminate\Container\Container->build('App\\Http\\Middle...', Array)
#7 /home/jesse/projects/learn/laravel/bootstrap/cache/compiled.php(1559): Illuminate\Container\Container->make('App\\Http\\Middle...', Array)
#8 /home/jesse/projects/learn/laravel/bootstrap/cache/compiled.php(2042): Illuminate\Foundation\Application->make('App\\Http\\Middle...')
#9 /home/jesse/projects/learn/laravel/public/index.php(58): Illuminate\Foundation\Http\Kernel->terminate(Object(Illuminate\Http\Request), Object(Illuminate\Http\Response))
#10 {main}  
[2015-08-30 00:42:25] production.ERROR: exception 'RuntimeException' with message 'No supported encrypter found. The cipher and / or key length are invalid.' in /home/jesse/projects/learn/laravel/bootstrap/cache/compiled.php:6693
Stack trace:
#0 /home/jesse/projects/learn/laravel/bootstrap/cache/compiled.php(1068): Illuminate\Encryption\EncryptionServiceProvider->Illuminate\Encryption\{closure}(Object(Illuminate\Foundation\Application), Array)
#1 /home/jesse/projects/learn/laravel/bootstrap/cache/compiled.php(1021): Illuminate\Container\Container->build(Object(Closure), Array)
#2 /home/jesse/projects/learn/laravel/bootstrap/cache/compiled.php(1559): Illuminate\Container\Container->make('encrypter', Array)
#3 /home/jesse/projects/learn/laravel/bootstrap/cache/compiled.php(1113): Illuminate\Foundation\Application->make('Illuminate\\Cont...')
#4 /home/jesse/projects/learn/laravel/bootstrap/cache/compiled.php(1097): Illuminate\Container\Container->resolveClass(Object(ReflectionParameter))
#5 /home/jesse/projects/learn/laravel/bootstrap/cache/compiled.php(1083): Illuminate\Container\Container->getDependencies(Array, Array)
#6 /home/jesse/projects/learn/laravel/bootstrap/cache/compiled.php(1021): Illuminate\Container\Container->build('App\\Http\\Middle...', Array)
#7 /home/jesse/projects/learn/laravel/bootstrap/cache/compiled.php(1559): Illuminate\Container\Container->make('App\\Http\\Middle...', Array)
#8 /home/jesse/projects/learn/laravel/bootstrap/cache/compiled.php(9188): Illuminate\Foundation\Application->make('App\\Http\\Middle...')
#9 /home/jesse/projects/learn/laravel/bootstrap/cache/compiled.php(2758): Illuminate\Pipeline\Pipeline->Illuminate\Pipeline\{closure}(Object(Illuminate\Http\Request))
#10 [internal function]: Illuminate\Foundation\Http\Middleware\CheckForMaintenanceMode->handle(Object(Illuminate\Http\Request), Object(Closure))
#11 /home/jesse/projects/learn/laravel/bootstrap/cache/compiled.php(9188): call_user_func_array(Array, Array)
#12 [internal function]: Illuminate\Pipeline\Pipeline->Illuminate\Pipeline\{closure}(Object(Illuminate\Http\Request))
#13 /home/jesse/projects/learn/laravel/bootstrap/cache/compiled.php(9178): call_user_func(Object(Closure), Object(Illuminate\Http\Request))
#14 /home/jesse/projects/learn/laravel/bootstrap/cache/compiled.php(2035): Illuminate\Pipeline\Pipeline->then(Object(Closure))
#15 /home/jesse/projects/learn/laravel/bootstrap/cache/compiled.php(2018): Illuminate\Foundation\Http\Kernel->sendRequestThroughRouter(Object(Illuminate\Http\Request))
#16 /home/jesse/projects/learn/laravel/public/index.php(54): Illuminate\Foundation\Http\Kernel->handle(Object(Illuminate\Http\Request))
#17 {main}  
[2015-08-30 00:42:25] production.ERROR: exception 'RuntimeException' with message 'No supported encrypter found. The cipher and / or key length are invalid.' in /home/jesse/projects/learn/laravel/bootstrap/cache/compiled.php:6693
Stack trace:
#0 /home/jesse/projects/learn/laravel/bootstrap/cache/compiled.php(1068): Illuminate\Encryption\EncryptionServiceProvider->Illuminate\Encryption\{closure}(Object(Illuminate\Foundation\Application), Array)
#1 /home/jesse/projects/learn/laravel/bootstrap/cache/compiled.php(1021): Illuminate\Container\Container->build(Object(Closure), Array)
#2 /home/jesse/projects/learn/laravel/bootstrap/cache/compiled.php(1559): Illuminate\Container\Container->make('encrypter', Array)
#3 /home/jesse/projects/learn/laravel/bootstrap/cache/compiled.php(1113): Illuminate\Foundation\Application->make('Illuminate\\Cont...')
#4 /home/jesse/projects/learn/laravel/bootstrap/cache/compiled.php(1097): Illuminate\Container\Container->resolveClass(Object(ReflectionParameter))
#5 /home/jesse/projects/learn/laravel/bootstrap/cache/compiled.php(1083): Illuminate\Container\Container->getDependencies(Array, Array)
#6 /home/jesse/projects/learn/laravel/bootstrap/cache/compiled.php(1021): Illuminate\Container\Container->build('App\\Http\\Middle...', Array)
#7 /home/jesse/projects/learn/laravel/bootstrap/cache/compiled.php(1559): Illuminate\Container\Container->make('App\\Http\\Middle...', Array)
#8 /home/jesse/projects/learn/laravel/bootstrap/cache/compiled.php(2042): Illuminate\Foundation\Application->make('App\\Http\\Middle...')
#9 /home/jesse/projects/learn/laravel/public/index.php(58): Illuminate\Foundation\Http\Kernel->terminate(Object(Illuminate\Http\Request), Object(Illuminate\Http\Response))
#10 {main}  
[2015-08-30 00:43:20] production.ERROR: exception 'RuntimeException' with message 'No supported encrypter found. The cipher and / or key length are invalid.' in /home/jesse/projects/learn/laravel/bootstrap/cache/compiled.php:6693
Stack trace:
#0 /home/jesse/projects/learn/laravel/bootstrap/cache/compiled.php(1068): Illuminate\Encryption\EncryptionServiceProvider->Illuminate\Encryption\{closure}(Object(Illuminate\Foundation\Application), Array)
#1 /home/jesse/projects/learn/laravel/bootstrap/cache/compiled.php(1021): Illuminate\Container\Container->build(Object(Closure), Array)
#2 /home/jesse/projects/learn/laravel/bootstrap/cache/compiled.php(1559): Illuminate\Container\Container->make('encrypter', Array)
#3 /home/jesse/projects/learn/laravel/bootstrap/cache/compiled.php(1113): Illuminate\Foundation\Application->make('Illuminate\\Cont...')
#4 /home/jesse/projects/learn/laravel/bootstrap/cache/compiled.php(1097): Illuminate\Container\Container->resolveClass(Object(ReflectionParameter))
#5 /home/jesse/projects/learn/laravel/bootstrap/cache/compiled.php(1083): Illuminate\Container\Container->getDependencies(Array, Array)
#6 /home/jesse/projects/learn/laravel/bootstrap/cache/compiled.php(1021): Illuminate\Container\Container->build('App\\Http\\Middle...', Array)
#7 /home/jesse/projects/learn/laravel/bootstrap/cache/compiled.php(1559): Illuminate\Container\Container->make('App\\Http\\Middle...', Array)
#8 /home/jesse/projects/learn/laravel/bootstrap/cache/compiled.php(9188): Illuminate\Foundation\Application->make('App\\Http\\Middle...')
#9 /home/jesse/projects/learn/laravel/bootstrap/cache/compiled.php(2758): Illuminate\Pipeline\Pipeline->Illuminate\Pipeline\{closure}(Object(Illuminate\Http\Request))
#10 [internal function]: Illuminate\Foundation\Http\Middleware\CheckForMaintenanceMode->handle(Object(Illuminate\Http\Request), Object(Closure))
#11 /home/jesse/projects/learn/laravel/bootstrap/cache/compiled.php(9188): call_user_func_array(Array, Array)
#12 [internal function]: Illuminate\Pipeline\Pipeline->Illuminate\Pipeline\{closure}(Object(Illuminate\Http\Request))
#13 /home/jesse/projects/learn/laravel/bootstrap/cache/compiled.php(9178): call_user_func(Object(Closure), Object(Illuminate\Http\Request))
#14 /home/jesse/projects/learn/laravel/bootstrap/cache/compiled.php(2035): Illuminate\Pipeline\Pipeline->then(Object(Closure))
#15 /home/jesse/projects/learn/laravel/bootstrap/cache/compiled.php(2018): Illuminate\Foundation\Http\Kernel->sendRequestThroughRouter(Object(Illuminate\Http\Request))
#16 /home/jesse/projects/learn/laravel/public/index.php(54): Illuminate\Foundation\Http\Kernel->handle(Object(Illuminate\Http\Request))
#17 {main}  
[2015-08-30 00:43:20] production.ERROR: exception 'RuntimeException' with message 'No supported encrypter found. The cipher and / or key length are invalid.' in /home/jesse/projects/learn/laravel/bootstrap/cache/compiled.php:6693
Stack trace:
#0 /home/jesse/projects/learn/laravel/bootstrap/cache/compiled.php(1068): Illuminate\Encryption\EncryptionServiceProvider->Illuminate\Encryption\{closure}(Object(Illuminate\Foundation\Application), Array)
#1 /home/jesse/projects/learn/laravel/bootstrap/cache/compiled.php(1021): Illuminate\Container\Container->build(Object(Closure), Array)
#2 /home/jesse/projects/learn/laravel/bootstrap/cache/compiled.php(1559): Illuminate\Container\Container->make('encrypter', Array)
#3 /home/jesse/projects/learn/laravel/bootstrap/cache/compiled.php(1113): Illuminate\Foundation\Application->make('Illuminate\\Cont...')
#4 /home/jesse/projects/learn/laravel/bootstrap/cache/compiled.php(1097): Illuminate\Container\Container->resolveClass(Object(ReflectionParameter))
#5 /home/jesse/projects/learn/laravel/bootstrap/cache/compiled.php(1083): Illuminate\Container\Container->getDependencies(Array, Array)
#6 /home/jesse/projects/learn/laravel/bootstrap/cache/compiled.php(1021): Illuminate\Container\Container->build('App\\Http\\Middle...', Array)
#7 /home/jesse/projects/learn/laravel/bootstrap/cache/compiled.php(1559): Illuminate\Container\Container->make('App\\Http\\Middle...', Array)
#8 /home/jesse/projects/learn/laravel/bootstrap/cache/compiled.php(2042): Illuminate\Foundation\Application->make('App\\Http\\Middle...')
#9 /home/jesse/projects/learn/laravel/public/index.php(58): Illuminate\Foundation\Http\Kernel->terminate(Object(Illuminate\Http\Request), Object(Illuminate\Http\Response))
#10 {main}  
[2015-08-30 00:43:38] production.ERROR: exception 'RuntimeException' with message 'No supported encrypter found. The cipher and / or key length are invalid.' in /home/jesse/projects/learn/laravel/bootstrap/cache/compiled.php:6693
Stack trace:
#0 /home/jesse/projects/learn/laravel/bootstrap/cache/compiled.php(1068): Illuminate\Encryption\EncryptionServiceProvider->Illuminate\Encryption\{closure}(Object(Illuminate\Foundation\Application), Array)
#1 /home/jesse/projects/learn/laravel/bootstrap/cache/compiled.php(1021): Illuminate\Container\Container->build(Object(Closure), Array)
#2 /home/jesse/projects/learn/laravel/bootstrap/cache/compiled.php(1559): Illuminate\Container\Container->make('encrypter', Array)
#3 /home/jesse/projects/learn/laravel/bootstrap/cache/compiled.php(1113): Illuminate\Foundation\Application->make('Illuminate\\Cont...')
#4 /home/jesse/projects/learn/laravel/bootstrap/cache/compiled.php(1097): Illuminate\Container\Container->resolveClass(Object(ReflectionParameter))
#5 /home/jesse/projects/learn/laravel/bootstrap/cache/compiled.php(1083): Illuminate\Container\Container->getDependencies(Array, Array)
#6 /home/jesse/projects/learn/laravel/bootstrap/cache/compiled.php(1021): Illuminate\Container\Container->build('App\\Http\\Middle...', Array)
#7 /home/jesse/projects/learn/laravel/bootstrap/cache/compiled.php(1559): Illuminate\Container\Container->make('App\\Http\\Middle...', Array)
#8 /home/jesse/projects/learn/laravel/bootstrap/cache/compiled.php(9188): Illuminate\Foundation\Application->make('App\\Http\\Middle...')
#9 /home/jesse/projects/learn/laravel/bootstrap/cache/compiled.php(2758): Illuminate\Pipeline\Pipeline->Illuminate\Pipeline\{closure}(Object(Illuminate\Http\Request))
#10 [internal function]: Illuminate\Foundation\Http\Middleware\CheckForMaintenanceMode->handle(Object(Illuminate\Http\Request), Object(Closure))
#11 /home/jesse/projects/learn/laravel/bootstrap/cache/compiled.php(9188): call_user_func_array(Array, Array)
#12 [internal function]: Illuminate\Pipeline\Pipeline->Illuminate\Pipeline\{closure}(Object(Illuminate\Http\Request))
#13 /home/jesse/projects/learn/laravel/bootstrap/cache/compiled.php(9178): call_user_func(Object(Closure), Object(Illuminate\Http\Request))
#14 /home/jesse/projects/learn/laravel/bootstrap/cache/compiled.php(2035): Illuminate\Pipeline\Pipeline->then(Object(Closure))
#15 /home/jesse/projects/learn/laravel/bootstrap/cache/compiled.php(2018): Illuminate\Foundation\Http\Kernel->sendRequestThroughRouter(Object(Illuminate\Http\Request))
#16 /home/jesse/projects/learn/laravel/public/index.php(54): Illuminate\Foundation\Http\Kernel->handle(Object(Illuminate\Http\Request))
#17 {main}  
[2015-08-30 00:43:38] production.ERROR: exception 'RuntimeException' with message 'No supported encrypter found. The cipher and / or key length are invalid.' in /home/jesse/projects/learn/laravel/bootstrap/cache/compiled.php:6693
Stack trace:
#0 /home/jesse/projects/learn/laravel/bootstrap/cache/compiled.php(1068): Illuminate\Encryption\EncryptionServiceProvider->Illuminate\Encryption\{closure}(Object(Illuminate\Foundation\Application), Array)
#1 /home/jesse/projects/learn/laravel/bootstrap/cache/compiled.php(1021): Illuminate\Container\Container->build(Object(Closure), Array)
#2 /home/jesse/projects/learn/laravel/bootstrap/cache/compiled.php(1559): Illuminate\Container\Container->make('encrypter', Array)
#3 /home/jesse/projects/learn/laravel/bootstrap/cache/compiled.php(1113): Illuminate\Foundation\Application->make('Illuminate\\Cont...')
#4 /home/jesse/projects/learn/laravel/bootstrap/cache/compiled.php(1097): Illuminate\Container\Container->resolveClass(Object(ReflectionParameter))
#5 /home/jesse/projects/learn/laravel/bootstrap/cache/compiled.php(1083): Illuminate\Container\Container->getDependencies(Array, Array)
#6 /home/jesse/projects/learn/laravel/bootstrap/cache/compiled.php(1021): Illuminate\Container\Container->build('App\\Http\\Middle...', Array)
#7 /home/jesse/projects/learn/laravel/bootstrap/cache/compiled.php(1559): Illuminate\Container\Container->make('App\\Http\\Middle...', Array)
#8 /home/jesse/projects/learn/laravel/bootstrap/cache/compiled.php(2042): Illuminate\Foundation\Application->make('App\\Http\\Middle...')
#9 /home/jesse/projects/learn/laravel/public/index.php(58): Illuminate\Foundation\Http\Kernel->terminate(Object(Illuminate\Http\Request), Object(Illuminate\Http\Response))
#10 {main}  
[2015-08-30 00:43:40] production.ERROR: exception 'RuntimeException' with message 'No supported encrypter found. The cipher and / or key length are invalid.' in /home/jesse/projects/learn/laravel/bootstrap/cache/compiled.php:6693
Stack trace:
#0 /home/jesse/projects/learn/laravel/bootstrap/cache/compiled.php(1068): Illuminate\Encryption\EncryptionServiceProvider->Illuminate\Encryption\{closure}(Object(Illuminate\Foundation\Application), Array)
#1 /home/jesse/projects/learn/laravel/bootstrap/cache/compiled.php(1021): Illuminate\Container\Container->build(Object(Closure), Array)
#2 /home/jesse/projects/learn/laravel/bootstrap/cache/compiled.php(1559): Illuminate\Container\Container->make('encrypter', Array)
#3 /home/jesse/projects/learn/laravel/bootstrap/cache/compiled.php(1113): Illuminate\Foundation\Application->make('Illuminate\\Cont...')
#4 /home/jesse/projects/learn/laravel/bootstrap/cache/compiled.php(1097): Illuminate\Container\Container->resolveClass(Object(ReflectionParameter))
#5 /home/jesse/projects/learn/laravel/bootstrap/cache/compiled.php(1083): Illuminate\Container\Container->getDependencies(Array, Array)
#6 /home/jesse/projects/learn/laravel/bootstrap/cache/compiled.php(1021): Illuminate\Container\Container->build('App\\Http\\Middle...', Array)
#7 /home/jesse/projects/learn/laravel/bootstrap/cache/compiled.php(1559): Illuminate\Container\Container->make('App\\Http\\Middle...', Array)
#8 /home/jesse/projects/learn/laravel/bootstrap/cache/compiled.php(9188): Illuminate\Foundation\Application->make('App\\Http\\Middle...')
#9 /home/jesse/projects/learn/laravel/bootstrap/cache/compiled.php(2758): Illuminate\Pipeline\Pipeline->Illuminate\Pipeline\{closure}(Object(Illuminate\Http\Request))
#10 [internal function]: Illuminate\Foundation\Http\Middleware\CheckForMaintenanceMode->handle(Object(Illuminate\Http\Request), Object(Closure))
#11 /home/jesse/projects/learn/laravel/bootstrap/cache/compiled.php(9188): call_user_func_array(Array, Array)
#12 [internal function]: Illuminate\Pipeline\Pipeline->Illuminate\Pipeline\{closure}(Object(Illuminate\Http\Request))
#13 /home/jesse/projects/learn/laravel/bootstrap/cache/compiled.php(9178): call_user_func(Object(Closure), Object(Illuminate\Http\Request))
#14 /home/jesse/projects/learn/laravel/bootstrap/cache/compiled.php(2035): Illuminate\Pipeline\Pipeline->then(Object(Closure))
#15 /home/jesse/projects/learn/laravel/bootstrap/cache/compiled.php(2018): Illuminate\Foundation\Http\Kernel->sendRequestThroughRouter(Object(Illuminate\Http\Request))
#16 /home/jesse/projects/learn/laravel/public/index.php(54): Illuminate\Foundation\Http\Kernel->handle(Object(Illuminate\Http\Request))
#17 {main}  
[2015-08-30 00:43:40] production.ERROR: exception 'RuntimeException' with message 'No supported encrypter found. The cipher and / or key length are invalid.' in /home/jesse/projects/learn/laravel/bootstrap/cache/compiled.php:6693
Stack trace:
#0 /home/jesse/projects/learn/laravel/bootstrap/cache/compiled.php(1068): Illuminate\Encryption\EncryptionServiceProvider->Illuminate\Encryption\{closure}(Object(Illuminate\Foundation\Application), Array)
#1 /home/jesse/projects/learn/laravel/bootstrap/cache/compiled.php(1021): Illuminate\Container\Container->build(Object(Closure), Array)
#2 /home/jesse/projects/learn/laravel/bootstrap/cache/compiled.php(1559): Illuminate\Container\Container->make('encrypter', Array)
#3 /home/jesse/projects/learn/laravel/bootstrap/cache/compiled.php(1113): Illuminate\Foundation\Application->make('Illuminate\\Cont...')
#4 /home/jesse/projects/learn/laravel/bootstrap/cache/compiled.php(1097): Illuminate\Container\Container->resolveClass(Object(ReflectionParameter))
#5 /home/jesse/projects/learn/laravel/bootstrap/cache/compiled.php(1083): Illuminate\Container\Container->getDependencies(Array, Array)
#6 /home/jesse/projects/learn/laravel/bootstrap/cache/compiled.php(1021): Illuminate\Container\Container->build('App\\Http\\Middle...', Array)
#7 /home/jesse/projects/learn/laravel/bootstrap/cache/compiled.php(1559): Illuminate\Container\Container->make('App\\Http\\Middle...', Array)
#8 /home/jesse/projects/learn/laravel/bootstrap/cache/compiled.php(2042): Illuminate\Foundation\Application->make('App\\Http\\Middle...')
#9 /home/jesse/projects/learn/laravel/public/index.php(58): Illuminate\Foundation\Http\Kernel->terminate(Object(Illuminate\Http\Request), Object(Illuminate\Http\Response))
#10 {main}  
[2015-08-30 00:43:42] production.ERROR: exception 'RuntimeException' with message 'No supported encrypter found. The cipher and / or key length are invalid.' in /home/jesse/projects/learn/laravel/bootstrap/cache/compiled.php:6693
Stack trace:
#0 /home/jesse/projects/learn/laravel/bootstrap/cache/compiled.php(1068): Illuminate\Encryption\EncryptionServiceProvider->Illuminate\Encryption\{closure}(Object(Illuminate\Foundation\Application), Array)
#1 /home/jesse/projects/learn/laravel/bootstrap/cache/compiled.php(1021): Illuminate\Container\Container->build(Object(Closure), Array)
#2 /home/jesse/projects/learn/laravel/bootstrap/cache/compiled.php(1559): Illuminate\Container\Container->make('encrypter', Array)
#3 /home/jesse/projects/learn/laravel/bootstrap/cache/compiled.php(1113): Illuminate\Foundation\Application->make('Illuminate\\Cont...')
#4 /home/jesse/projects/learn/laravel/bootstrap/cache/compiled.php(1097): Illuminate\Container\Container->resolveClass(Object(ReflectionParameter))
#5 /home/jesse/projects/learn/laravel/bootstrap/cache/compiled.php(1083): Illuminate\Container\Container->getDependencies(Array, Array)
#6 /home/jesse/projects/learn/laravel/bootstrap/cache/compiled.php(1021): Illuminate\Container\Container->build('App\\Http\\Middle...', Array)
#7 /home/jesse/projects/learn/laravel/bootstrap/cache/compiled.php(1559): Illuminate\Container\Container->make('App\\Http\\Middle...', Array)
#8 /home/jesse/projects/learn/laravel/bootstrap/cache/compiled.php(9188): Illuminate\Foundation\Application->make('App\\Http\\Middle...')
#9 /home/jesse/projects/learn/laravel/bootstrap/cache/compiled.php(2758): Illuminate\Pipeline\Pipeline->Illuminate\Pipeline\{closure}(Object(Illuminate\Http\Request))
#10 [internal function]: Illuminate\Foundation\Http\Middleware\CheckForMaintenanceMode->handle(Object(Illuminate\Http\Request), Object(Closure))
#11 /home/jesse/projects/learn/laravel/bootstrap/cache/compiled.php(9188): call_user_func_array(Array, Array)
#12 [internal function]: Illuminate\Pipeline\Pipeline->Illuminate\Pipeline\{closure}(Object(Illuminate\Http\Request))
#13 /home/jesse/projects/learn/laravel/bootstrap/cache/compiled.php(9178): call_user_func(Object(Closure), Object(Illuminate\Http\Request))
#14 /home/jesse/projects/learn/laravel/bootstrap/cache/compiled.php(2035): Illuminate\Pipeline\Pipeline->then(Object(Closure))
#15 /home/jesse/projects/learn/laravel/bootstrap/cache/compiled.php(2018): Illuminate\Foundation\Http\Kernel->sendRequestThroughRouter(Object(Illuminate\Http\Request))
#16 /home/jesse/projects/learn/laravel/public/index.php(54): Illuminate\Foundation\Http\Kernel->handle(Object(Illuminate\Http\Request))
#17 {main}  
[2015-08-30 00:43:42] production.ERROR: exception 'RuntimeException' with message 'No supported encrypter found. The cipher and / or key length are invalid.' in /home/jesse/projects/learn/laravel/bootstrap/cache/compiled.php:6693
Stack trace:
#0 /home/jesse/projects/learn/laravel/bootstrap/cache/compiled.php(1068): Illuminate\Encryption\EncryptionServiceProvider->Illuminate\Encryption\{closure}(Object(Illuminate\Foundation\Application), Array)
#1 /home/jesse/projects/learn/laravel/bootstrap/cache/compiled.php(1021): Illuminate\Container\Container->build(Object(Closure), Array)
#2 /home/jesse/projects/learn/laravel/bootstrap/cache/compiled.php(1559): Illuminate\Container\Container->make('encrypter', Array)
#3 /home/jesse/projects/learn/laravel/bootstrap/cache/compiled.php(1113): Illuminate\Foundation\Application->make('Illuminate\\Cont...')
#4 /home/jesse/projects/learn/laravel/bootstrap/cache/compiled.php(1097): Illuminate\Container\Container->resolveClass(Object(ReflectionParameter))
#5 /home/jesse/projects/learn/laravel/bootstrap/cache/compiled.php(1083): Illuminate\Container\Container->getDependencies(Array, Array)
#6 /home/jesse/projects/learn/laravel/bootstrap/cache/compiled.php(1021): Illuminate\Container\Container->build('App\\Http\\Middle...', Array)
#7 /home/jesse/projects/learn/laravel/bootstrap/cache/compiled.php(1559): Illuminate\Container\Container->make('App\\Http\\Middle...', Array)
#8 /home/jesse/projects/learn/laravel/bootstrap/cache/compiled.php(2042): Illuminate\Foundation\Application->make('App\\Http\\Middle...')
#9 /home/jesse/projects/learn/laravel/public/index.php(58): Illuminate\Foundation\Http\Kernel->terminate(Object(Illuminate\Http\Request), Object(Illuminate\Http\Response))
#10 {main}  
[2015-08-30 00:44:47] production.ERROR: exception 'RuntimeException' with message 'No supported encrypter found. The cipher and / or key length are invalid.' in /home/jesse/projects/learn/laravel/vendor/laravel/framework/src/Illuminate/Encryption/EncryptionServiceProvider.php:29
Stack trace:
#0 /home/jesse/projects/learn/laravel/vendor/laravel/framework/src/Illuminate/Container/Container.php(733): Illuminate\Encryption\EncryptionServiceProvider->Illuminate\Encryption\{closure}(Object(Illuminate\Foundation\Application), Array)
#1 /home/jesse/projects/learn/laravel/vendor/laravel/framework/src/Illuminate/Container/Container.php(626): Illuminate\Container\Container->build(Object(Closure), Array)
#2 /home/jesse/projects/learn/laravel/vendor/laravel/framework/src/Illuminate/Foundation/Application.php(674): Illuminate\Container\Container->make('encrypter', Array)
#3 /home/jesse/projects/learn/laravel/vendor/laravel/framework/src/Illuminate/Container/Container.php(837): Illuminate\Foundation\Application->make('Illuminate\\Cont...')
#4 /home/jesse/projects/learn/laravel/vendor/laravel/framework/src/Illuminate/Container/Container.php(800): Illuminate\Container\Container->resolveClass(Object(ReflectionParameter))
#5 /home/jesse/projects/learn/laravel/vendor/laravel/framework/src/Illuminate/Container/Container.php(771): Illuminate\Container\Container->getDependencies(Array, Array)
#6 /home/jesse/projects/learn/laravel/vendor/laravel/framework/src/Illuminate/Container/Container.php(626): Illuminate\Container\Container->build('App\\Http\\Middle...', Array)
#7 /home/jesse/projects/learn/laravel/vendor/laravel/framework/src/Illuminate/Foundation/Application.php(674): Illuminate\Container\Container->make('App\\Http\\Middle...', Array)
#8 /home/jesse/projects/learn/laravel/vendor/laravel/framework/src/Illuminate/Pipeline/Pipeline.php(123): Illuminate\Foundation\Application->make('App\\Http\\Middle...')
#9 /home/jesse/projects/learn/laravel/vendor/laravel/framework/src/Illuminate/Foundation/Http/Middleware/CheckForMaintenanceMode.php(42): Illuminate\Pipeline\Pipeline->Illuminate\Pipeline\{closure}(Object(Illuminate\Http\Request))
#10 [internal function]: Illuminate\Foundation\Http\Middleware\CheckForMaintenanceMode->handle(Object(Illuminate\Http\Request), Object(Closure))
#11 /home/jesse/projects/learn/laravel/vendor/laravel/framework/src/Illuminate/Pipeline/Pipeline.php(124): call_user_func_array(Array, Array)
#12 [internal function]: Illuminate\Pipeline\Pipeline->Illuminate\Pipeline\{closure}(Object(Illuminate\Http\Request))
#13 /home/jesse/projects/learn/laravel/vendor/laravel/framework/src/Illuminate/Pipeline/Pipeline.php(103): call_user_func(Object(Closure), Object(Illuminate\Http\Request))
#14 /home/jesse/projects/learn/laravel/vendor/laravel/framework/src/Illuminate/Foundation/Http/Kernel.php(122): Illuminate\Pipeline\Pipeline->then(Object(Closure))
#15 /home/jesse/projects/learn/laravel/vendor/laravel/framework/src/Illuminate/Foundation/Http/Kernel.php(87): Illuminate\Foundation\Http\Kernel->sendRequestThroughRouter(Object(Illuminate\Http\Request))
#16 /home/jesse/projects/learn/laravel/public/index.php(54): Illuminate\Foundation\Http\Kernel->handle(Object(Illuminate\Http\Request))
#17 {main}  
[2015-08-30 00:44:47] production.ERROR: exception 'RuntimeException' with message 'No supported encrypter found. The cipher and / or key length are invalid.' in /home/jesse/projects/learn/laravel/vendor/laravel/framework/src/Illuminate/Encryption/EncryptionServiceProvider.php:29
Stack trace:
#0 /home/jesse/projects/learn/laravel/vendor/laravel/framework/src/Illuminate/Container/Container.php(733): Illuminate\Encryption\EncryptionServiceProvider->Illuminate\Encryption\{closure}(Object(Illuminate\Foundation\Application), Array)
#1 /home/jesse/projects/learn/laravel/vendor/laravel/framework/src/Illuminate/Container/Container.php(626): Illuminate\Container\Container->build(Object(Closure), Array)
#2 /home/jesse/projects/learn/laravel/vendor/laravel/framework/src/Illuminate/Foundation/Application.php(674): Illuminate\Container\Container->make('encrypter', Array)
#3 /home/jesse/projects/learn/laravel/vendor/laravel/framework/src/Illuminate/Container/Container.php(837): Illuminate\Foundation\Application->make('Illuminate\\Cont...')
#4 /home/jesse/projects/learn/laravel/vendor/laravel/framework/src/Illuminate/Container/Container.php(800): Illuminate\Container\Container->resolveClass(Object(ReflectionParameter))
#5 /home/jesse/projects/learn/laravel/vendor/laravel/framework/src/Illuminate/Container/Container.php(771): Illuminate\Container\Container->getDependencies(Array, Array)
#6 /home/jesse/projects/learn/laravel/vendor/laravel/framework/src/Illuminate/Container/Container.php(626): Illuminate\Container\Container->build('App\\Http\\Middle...', Array)
#7 /home/jesse/projects/learn/laravel/vendor/laravel/framework/src/Illuminate/Foundation/Application.php(674): Illuminate\Container\Container->make('App\\Http\\Middle...', Array)
#8 /home/jesse/projects/learn/laravel/vendor/laravel/framework/src/Illuminate/Foundation/Http/Kernel.php(142): Illuminate\Foundation\Application->make('App\\Http\\Middle...')
#9 /home/jesse/projects/learn/laravel/public/index.php(58): Illuminate\Foundation\Http\Kernel->terminate(Object(Illuminate\Http\Request), Object(Illuminate\Http\Response))
#10 {main}  
